2025-09-02 15:29:37,949 - INFO - CPF: 14889878742 - Novo passageiro cadastrado: Ivan Júlio da Silva Barbosa
2025-09-02 15:30:16,760 - INFO - CPF: 14889878742 - Login realizado
2025-09-02 15:32:27,168 - INFO - CPF: 14889878742 - Reserva realizada - Voo: AA123, Assento: 1A
2025-09-02 15:35:04,703 - INFO - CPF: 14889878742 - Reserva modificada - De: 1A Para: 1A
2025-09-02 15:35:18,058 - INFO - CPF: 14889878742 - Reserva modificada - De: 1A Para: 2B
2025-09-02 15:35:53,947 - INFO - CPF: 14889878742 - Reserva modificada - De: 2B Para: 30A
2025-09-02 15:37:32,039 - INFO - CPF: 14889878742 - Reserva cancelada - Voo: AA123, Assento: 30A
2025-09-02 15:38:13,989 - INFO - CPF: 14889878742 - Reserva realizada - Voo: AA123, Assento: 11A
2025-09-02 15:39:19,350 - INFO - CPF: 14889878742 - Reserva realizada - Voo: CC789, Assento: 29A
2025-09-02 15:39:47,679 - INFO - CPF: 14889878742 - Reserva cancelada - Voo: CC789, Assento: 29A
2025-09-02 15:40:04,850 - INFO - CPF: 14889878742 - Reserva cancelada - Voo: AA123, Assento: 11A
2025-09-02 15:40:26,144 - INFO - CPF: 14889878742 - Logout
2025-09-02 15:42:02,933 - INFO - CPF: 02884328785 - Novo passageiro cadastrado: Iracema Figueiredo da Silva Barbosa
2025-09-02 15:42:16,363 - INFO - CPF: 02884328785 - Login realizado
2025-09-02 15:43:09,967 - INFO - CPF: 02884328785 - Reserva realizada - Voo: AA123, Assento: 29E
2025-09-02 15:43:22,417 - INFO - CPF: 02884328785 - Logout
2025-09-02 15:43:31,537 - INFO - CPF: 14889878742 - Login realizado
2025-09-02 15:44:05,061 - INFO - CPF: 14889878742 - Reserva realizada - Voo: AA123, Assento: 29F
2025-09-02 15:44:45,620 - INFO - CPF: 14889878742 - Logout
2025-09-02 15:53:34,530 - INFO - CPF: 14889878742 - Login realizado
2025-09-02 15:54:11,949 - INFO - CPF: 14889878742 - Reserva realizada - Voo: BB456, Assento: 30F
2025-09-02 15:54:50,771 - INFO - CPF: 14889878742 - Reserva modificada - De: 30F Para: 30A
2025-09-02 15:55:08,961 - INFO - CPF: 14889878742 - Reserva cancelada - Voo: BB456, Assento: 30A
2025-09-02 15:55:18,561 - INFO - CPF: 14889878742 - Logout
2025-09-02 17:06:05,967 - INFO - CPF: 14889878742 - Login realizado
2025-09-02 17:09:34,918 - INFO - CPF: 14889878742 - Logout
2025-09-02 17:11:16,573 - INFO - CPF: 14889878742 - Login realizado
2025-09-02 17:16:19,992 - INFO - CPF: 14889878742 - Logout
2025-09-02 17:16:42,356 - INFO - CPF: 14889878742 - Login realizado
2025-09-02 17:48:33,933 - INFO - CPF: 14889878742 - Login realizado
2025-09-02 17:51:26,925 - INFO - CPF: 14889878742 - Login realizado
2025-09-02 17:54:53,307 - INFO - CPF: 14889878742 - Login realizado
2025-09-02 17:57:14,620 - INFO - CPF: 14889878742 - Login realizado
2025-09-02 18:01:45,513 - INFO - CPF: 14889878742 - Login realizado
2025-09-02 18:02:45,980 - INFO - CPF: 14889878742 - Login realizado
2025-09-02 18:04:40,494 - INFO - CPF: 14889878742 - Login realizado
2025-09-02 18:06:16,021 - INFO - CPF: 14889878742 - Login realizado
2025-09-02 18:07:00,165 - INFO - CPF: 14889878742 - Login realizado
2025-09-02 18:07:50,378 - INFO - CPF: 14889878742 - Login realizado
